<?xml version="1.0" encoding="UTF-8"?>
<robot generator="Robot 5.0.1 (Python 3.10.5 on win32)" generated="20221011 22:34:41.231" rpa="false" schemaversion="3">
<suite id="s1" name="UAT-Lab11-002" source="C:\Users\Administrator\Desktop\UAT-Lab11-002\UAT-Lab11-002.robot">
<test id="s1-t1" name="Open Event Registration Page" line="16">
<kw name="Open Browser" library="SeleniumLibrary">
<arg>${WELCOME URL}</arg>
<arg>${BROWSER}</arg>
<doc>Opens a new browser instance to the optional ``url``.</doc>
<msg timestamp="20221011 22:34:41.823" level="INFO">Opening browser 'Firefox' to base url 'http://localhost:7272/Lab11/Registration.html'.</msg>
<msg timestamp="20221011 22:34:41.826" level="INFO">Firefox driver log is always forced to to: C:\Users\Administrator\Desktop\UAT-Lab11-002\geckodriver-2.log</msg>
<status status="PASS" starttime="20221011 22:34:41.822" endtime="20221011 22:34:51.134"/>
</kw>
<kw name="Location Should Be" library="SeleniumLibrary">
<arg>http://localhost:7272/Lab11/Registration.html</arg>
<doc>Verifies that the current URL is exactly ``url``.</doc>
<msg timestamp="20221011 22:34:51.150" level="INFO">Current location is 'http://localhost:7272/Lab11/Registration.html'.</msg>
<status status="PASS" starttime="20221011 22:34:51.135" endtime="20221011 22:34:51.150"/>
</kw>
<kw name="Title Should Be" library="SeleniumLibrary">
<arg>Event Registration</arg>
<doc>Verifies that the current page title equals ``title``.</doc>
<msg timestamp="20221011 22:34:51.171" level="INFO">Page title is 'Event Registration'.</msg>
<status status="PASS" starttime="20221011 22:34:51.153" endtime="20221011 22:34:51.172"/>
</kw>
<status status="PASS" starttime="20221011 22:34:41.819" endtime="20221011 22:34:51.179"/>
</test>
<test id="s1-t2" name="Empty First Name" line="20">
<kw name="Input Text" library="SeleniumLibrary">
<arg>id=lastname</arg>
<arg>${LAST NAME}</arg>
<doc>Types the given ``text`` into the text field identified by ``locator``.</doc>
<msg timestamp="20221011 22:34:51.188" level="INFO">Typing text 'Sodsai' into text field 'id=lastname'.</msg>
<status status="PASS" starttime="20221011 22:34:51.187" endtime="20221011 22:34:51.294"/>
</kw>
<kw name="Input Text" library="SeleniumLibrary">
<arg>id=organization</arg>
<arg>${ORGANIZATION}</arg>
<doc>Types the given ``text`` into the text field identified by ``locator``.</doc>
<msg timestamp="20221011 22:34:51.298" level="INFO">Typing text 'CS KKU' into text field 'id=organization'.</msg>
<status status="PASS" starttime="20221011 22:34:51.296" endtime="20221011 22:34:51.344"/>
</kw>
<kw name="Input Text" library="SeleniumLibrary">
<arg>id=email</arg>
<arg>${EMAIL}</arg>
<doc>Types the given ``text`` into the text field identified by ``locator``.</doc>
<msg timestamp="20221011 22:34:51.359" level="INFO">Typing text 'somsri@kkumail.com' into text field 'id=email'.</msg>
<status status="PASS" starttime="20221011 22:34:51.358" endtime="20221011 22:34:51.450"/>
</kw>
<kw name="Input Text" library="SeleniumLibrary">
<arg>id=phone</arg>
<arg>${PHONE}</arg>
<doc>Types the given ``text`` into the text field identified by ``locator``.</doc>
<msg timestamp="20221011 22:34:51.454" level="INFO">Typing text '081-001-1234' into text field 'id=phone'.</msg>
<status status="PASS" starttime="20221011 22:34:51.453" endtime="20221011 22:34:51.505"/>
</kw>
<kw name="Click Button" library="SeleniumLibrary">
<arg>id=registerButton</arg>
<doc>Clicks the button identified by ``locator``.</doc>
<msg timestamp="20221011 22:34:51.507" level="INFO">Clicking button 'id=registerButton'.</msg>
<status status="PASS" starttime="20221011 22:34:51.506" endtime="20221011 22:34:51.781"/>
</kw>
<kw name="Location Should Contain" library="SeleniumLibrary">
<arg>${WELCOME URL}</arg>
<doc>Verifies that the current URL contains ``expected``.</doc>
<msg timestamp="20221011 22:34:51.789" level="INFO">Current location contains 'http://localhost:7272/Lab11/Registration.html'.</msg>
<status status="PASS" starttime="20221011 22:34:51.783" endtime="20221011 22:34:51.789"/>
</kw>
<kw name="Title Should Be" library="SeleniumLibrary">
<arg>Event Registration</arg>
<doc>Verifies that the current page title equals ``title``.</doc>
<msg timestamp="20221011 22:34:51.795" level="INFO">Page title is 'Event Registration'.</msg>
<status status="PASS" starttime="20221011 22:34:51.790" endtime="20221011 22:34:51.796"/>
</kw>
<kw name="Page Should Contain" library="SeleniumLibrary">
<arg>Please enter your first name!!</arg>
<doc>Verifies that current page contains ``text``.</doc>
<msg timestamp="20221011 22:34:51.819" level="INFO">Current page contains text 'Please enter your first name!!'.</msg>
<status status="PASS" starttime="20221011 22:34:51.797" endtime="20221011 22:34:51.819"/>
</kw>
<kw name="Reload Page" library="SeleniumLibrary">
<doc>Simulates user reloading page.</doc>
<status status="PASS" starttime="20221011 22:34:51.820" endtime="20221011 22:34:51.926"/>
</kw>
<status status="PASS" starttime="20221011 22:34:51.185" endtime="20221011 22:34:51.933"/>
</test>
<test id="s1-t3" name="Empty First Name and Last Name:" line="30">
<kw name="Input Text" library="SeleniumLibrary">
<arg>id=organization</arg>
<arg>${ORGANIZATION}</arg>
<doc>Types the given ``text`` into the text field identified by ``locator``.</doc>
<msg timestamp="20221011 22:34:51.939" level="INFO">Typing text 'CS KKU' into text field 'id=organization'.</msg>
<status status="PASS" starttime="20221011 22:34:51.938" endtime="20221011 22:34:52.000"/>
</kw>
<kw name="Input Text" library="SeleniumLibrary">
<arg>id=email</arg>
<arg>${EMAIL}</arg>
<doc>Types the given ``text`` into the text field identified by ``locator``.</doc>
<msg timestamp="20221011 22:34:52.003" level="INFO">Typing text 'somsri@kkumail.com' into text field 'id=email'.</msg>
<status status="PASS" starttime="20221011 22:34:52.002" endtime="20221011 22:34:52.061"/>
</kw>
<kw name="Input Text" library="SeleniumLibrary">
<arg>id=phone</arg>
<arg>${PHONE}</arg>
<doc>Types the given ``text`` into the text field identified by ``locator``.</doc>
<msg timestamp="20221011 22:34:52.071" level="INFO">Typing text '081-001-1234' into text field 'id=phone'.</msg>
<status status="PASS" starttime="20221011 22:34:52.069" endtime="20221011 22:34:52.125"/>
</kw>
<kw name="Click Button" library="SeleniumLibrary">
<arg>id=registerButton</arg>
<doc>Clicks the button identified by ``locator``.</doc>
<msg timestamp="20221011 22:34:52.132" level="INFO">Clicking button 'id=registerButton'.</msg>
<status status="PASS" starttime="20221011 22:34:52.131" endtime="20221011 22:34:52.392"/>
</kw>
<kw name="Location Should Contain" library="SeleniumLibrary">
<arg>${WELCOME URL}</arg>
<doc>Verifies that the current URL contains ``expected``.</doc>
<msg timestamp="20221011 22:34:52.400" level="INFO">Current location contains 'http://localhost:7272/Lab11/Registration.html'.</msg>
<status status="PASS" starttime="20221011 22:34:52.394" endtime="20221011 22:34:52.400"/>
</kw>
<kw name="Title Should Be" library="SeleniumLibrary">
<arg>Event Registration</arg>
<doc>Verifies that the current page title equals ``title``.</doc>
<msg timestamp="20221011 22:34:52.407" level="INFO">Page title is 'Event Registration'.</msg>
<status status="PASS" starttime="20221011 22:34:52.401" endtime="20221011 22:34:52.407"/>
</kw>
<kw name="Page Should Contain" library="SeleniumLibrary">
<arg>Please enter your name!!</arg>
<doc>Verifies that current page contains ``text``.</doc>
<msg timestamp="20221011 22:34:52.425" level="INFO">Current page contains text 'Please enter your name!!'.</msg>
<status status="PASS" starttime="20221011 22:34:52.408" endtime="20221011 22:34:52.425"/>
</kw>
<kw name="Reload Page" library="SeleniumLibrary">
<doc>Simulates user reloading page.</doc>
<status status="PASS" starttime="20221011 22:34:52.426" endtime="20221011 22:34:52.478"/>
</kw>
<status status="PASS" starttime="20221011 22:34:51.936" endtime="20221011 22:34:52.484"/>
</test>
<test id="s1-t4" name="Empty Email" line="39">
<kw name="Input Text" library="SeleniumLibrary">
<arg>id=firstname</arg>
<arg>${FIRST NAME}</arg>
<doc>Types the given ``text`` into the text field identified by ``locator``.</doc>
<msg timestamp="20221011 22:34:52.491" level="INFO">Typing text 'Somsri' into text field 'id=firstname'.</msg>
<status status="PASS" starttime="20221011 22:34:52.490" endtime="20221011 22:34:52.559"/>
</kw>
<kw name="Input Text" library="SeleniumLibrary">
<arg>id=lastname</arg>
<arg>${LAST NAME}</arg>
<doc>Types the given ``text`` into the text field identified by ``locator``.</doc>
<msg timestamp="20221011 22:34:52.567" level="INFO">Typing text 'Sodsai' into text field 'id=lastname'.</msg>
<status status="PASS" starttime="20221011 22:34:52.566" endtime="20221011 22:34:52.610"/>
</kw>
<kw name="Input Text" library="SeleniumLibrary">
<arg>id=organization</arg>
<arg>${ORGANIZATION}</arg>
<doc>Types the given ``text`` into the text field identified by ``locator``.</doc>
<msg timestamp="20221011 22:34:52.618" level="INFO">Typing text 'CS KKU' into text field 'id=organization'.</msg>
<status status="PASS" starttime="20221011 22:34:52.617" endtime="20221011 22:34:52.658"/>
</kw>
<kw name="Input Text" library="SeleniumLibrary">
<arg>id=phone</arg>
<arg>${PHONE}</arg>
<doc>Types the given ``text`` into the text field identified by ``locator``.</doc>
<msg timestamp="20221011 22:34:52.664" level="INFO">Typing text '081-001-1234' into text field 'id=phone'.</msg>
<status status="PASS" starttime="20221011 22:34:52.662" endtime="20221011 22:34:52.713"/>
</kw>
<kw name="Click Button" library="SeleniumLibrary">
<arg>id=registerButton</arg>
<doc>Clicks the button identified by ``locator``.</doc>
<msg timestamp="20221011 22:34:52.720" level="INFO">Clicking button 'id=registerButton'.</msg>
<status status="PASS" starttime="20221011 22:34:52.719" endtime="20221011 22:34:52.978"/>
</kw>
<kw name="Location Should Contain" library="SeleniumLibrary">
<arg>${WELCOME URL}</arg>
<doc>Verifies that the current URL contains ``expected``.</doc>
<msg timestamp="20221011 22:34:52.985" level="INFO">Current location contains 'http://localhost:7272/Lab11/Registration.html'.</msg>
<status status="PASS" starttime="20221011 22:34:52.979" endtime="20221011 22:34:52.985"/>
</kw>
<kw name="Title Should Be" library="SeleniumLibrary">
<arg>Event Registration</arg>
<doc>Verifies that the current page title equals ``title``.</doc>
<msg timestamp="20221011 22:34:52.992" level="INFO">Page title is 'Event Registration'.</msg>
<status status="PASS" starttime="20221011 22:34:52.987" endtime="20221011 22:34:52.993"/>
</kw>
<kw name="Page Should Contain" library="SeleniumLibrary">
<arg>Please enter your email!!</arg>
<doc>Verifies that current page contains ``text``.</doc>
<msg timestamp="20221011 22:34:53.010" level="INFO">Current page contains text 'Please enter your email!!'.</msg>
<status status="PASS" starttime="20221011 22:34:52.994" endtime="20221011 22:34:53.010"/>
</kw>
<kw name="Reload Page" library="SeleniumLibrary">
<doc>Simulates user reloading page.</doc>
<status status="PASS" starttime="20221011 22:34:53.011" endtime="20221011 22:34:53.077"/>
</kw>
<status status="PASS" starttime="20221011 22:34:52.487" endtime="20221011 22:34:53.080"/>
</test>
<test id="s1-t5" name="Empty Phone Number:" line="49">
<kw name="Input Text" library="SeleniumLibrary">
<arg>id=firstname</arg>
<arg>${FIRST NAME}</arg>
<doc>Types the given ``text`` into the text field identified by ``locator``.</doc>
<msg timestamp="20221011 22:34:53.096" level="INFO">Typing text 'Somsri' into text field 'id=firstname'.</msg>
<status status="PASS" starttime="20221011 22:34:53.093" endtime="20221011 22:34:53.156"/>
</kw>
<kw name="Input Text" library="SeleniumLibrary">
<arg>id=lastname</arg>
<arg>${LAST NAME}</arg>
<doc>Types the given ``text`` into the text field identified by ``locator``.</doc>
<msg timestamp="20221011 22:34:53.160" level="INFO">Typing text 'Sodsai' into text field 'id=lastname'.</msg>
<status status="PASS" starttime="20221011 22:34:53.158" endtime="20221011 22:34:53.201"/>
</kw>
<kw name="Input Text" library="SeleniumLibrary">
<arg>id=organization</arg>
<arg>${ORGANIZATION}</arg>
<doc>Types the given ``text`` into the text field identified by ``locator``.</doc>
<msg timestamp="20221011 22:34:53.211" level="INFO">Typing text 'CS KKU' into text field 'id=organization'.</msg>
<status status="PASS" starttime="20221011 22:34:53.207" endtime="20221011 22:34:53.259"/>
</kw>
<kw name="Input Text" library="SeleniumLibrary">
<arg>id=email</arg>
<arg>${EMAIL}</arg>
<doc>Types the given ``text`` into the text field identified by ``locator``.</doc>
<msg timestamp="20221011 22:34:53.266" level="INFO">Typing text 'somsri@kkumail.com' into text field 'id=email'.</msg>
<status status="PASS" starttime="20221011 22:34:53.264" endtime="20221011 22:34:53.320"/>
</kw>
<kw name="Click Button" library="SeleniumLibrary">
<arg>id=registerButton</arg>
<doc>Clicks the button identified by ``locator``.</doc>
<msg timestamp="20221011 22:34:53.324" level="INFO">Clicking button 'id=registerButton'.</msg>
<status status="PASS" starttime="20221011 22:34:53.323" endtime="20221011 22:34:53.588"/>
</kw>
<kw name="Location Should Contain" library="SeleniumLibrary">
<arg>${WELCOME URL}</arg>
<doc>Verifies that the current URL contains ``expected``.</doc>
<msg timestamp="20221011 22:34:53.595" level="INFO">Current location contains 'http://localhost:7272/Lab11/Registration.html'.</msg>
<status status="PASS" starttime="20221011 22:34:53.590" endtime="20221011 22:34:53.595"/>
</kw>
<kw name="Title Should Be" library="SeleniumLibrary">
<arg>Event Registration</arg>
<doc>Verifies that the current page title equals ``title``.</doc>
<msg timestamp="20221011 22:34:53.601" level="INFO">Page title is 'Event Registration'.</msg>
<status status="PASS" starttime="20221011 22:34:53.596" endtime="20221011 22:34:53.601"/>
</kw>
<kw name="Page Should Contain" library="SeleniumLibrary">
<arg>Please enter your phone number!!</arg>
<doc>Verifies that current page contains ``text``.</doc>
<msg timestamp="20221011 22:34:53.617" level="INFO">Current page contains text 'Please enter your phone number!!'.</msg>
<status status="PASS" starttime="20221011 22:34:53.602" endtime="20221011 22:34:53.617"/>
</kw>
<kw name="Reload Page" library="SeleniumLibrary">
<doc>Simulates user reloading page.</doc>
<status status="PASS" starttime="20221011 22:34:53.618" endtime="20221011 22:34:53.686"/>
</kw>
<status status="PASS" starttime="20221011 22:34:53.089" endtime="20221011 22:34:53.689"/>
</test>
<test id="s1-t6" name="Invalid Phone Number" line="59">
<kw name="Input Text" library="SeleniumLibrary">
<arg>id=firstname</arg>
<arg>${FIRST NAME}</arg>
<doc>Types the given ``text`` into the text field identified by ``locator``.</doc>
<msg timestamp="20221011 22:34:53.698" level="INFO">Typing text 'Somsri' into text field 'id=firstname'.</msg>
<status status="PASS" starttime="20221011 22:34:53.697" endtime="20221011 22:34:53.749"/>
</kw>
<kw name="Input Text" library="SeleniumLibrary">
<arg>id=lastname</arg>
<arg>${LAST NAME}</arg>
<doc>Types the given ``text`` into the text field identified by ``locator``.</doc>
<msg timestamp="20221011 22:34:53.754" level="INFO">Typing text 'Sodsai' into text field 'id=lastname'.</msg>
<status status="PASS" starttime="20221011 22:34:53.753" endtime="20221011 22:34:53.798"/>
</kw>
<kw name="Input Text" library="SeleniumLibrary">
<arg>id=organization</arg>
<arg>${ORGANIZATION}</arg>
<doc>Types the given ``text`` into the text field identified by ``locator``.</doc>
<msg timestamp="20221011 22:34:53.801" level="INFO">Typing text 'CS KKU' into text field 'id=organization'.</msg>
<status status="PASS" starttime="20221011 22:34:53.800" endtime="20221011 22:34:53.845"/>
</kw>
<kw name="Input Text" library="SeleniumLibrary">
<arg>id=email</arg>
<arg>${EMAIL}</arg>
<doc>Types the given ``text`` into the text field identified by ``locator``.</doc>
<msg timestamp="20221011 22:34:53.851" level="INFO">Typing text 'somsri@kkumail.com' into text field 'id=email'.</msg>
<status status="PASS" starttime="20221011 22:34:53.850" endtime="20221011 22:34:53.936"/>
</kw>
<kw name="Input Text" library="SeleniumLibrary">
<arg>id=phone</arg>
<arg>1234</arg>
<doc>Types the given ``text`` into the text field identified by ``locator``.</doc>
<msg timestamp="20221011 22:34:53.938" level="INFO">Typing text '1234' into text field 'id=phone'.</msg>
<status status="PASS" starttime="20221011 22:34:53.937" endtime="20221011 22:34:53.973"/>
</kw>
<kw name="Click Button" library="SeleniumLibrary">
<arg>id=registerButton</arg>
<doc>Clicks the button identified by ``locator``.</doc>
<msg timestamp="20221011 22:34:53.981" level="INFO">Clicking button 'id=registerButton'.</msg>
<status status="PASS" starttime="20221011 22:34:53.980" endtime="20221011 22:34:54.234"/>
</kw>
<kw name="Location Should Contain" library="SeleniumLibrary">
<arg>${WELCOME URL}</arg>
<doc>Verifies that the current URL contains ``expected``.</doc>
<msg timestamp="20221011 22:34:54.240" level="INFO">Current location contains 'http://localhost:7272/Lab11/Registration.html'.</msg>
<status status="PASS" starttime="20221011 22:34:54.235" endtime="20221011 22:34:54.240"/>
</kw>
<kw name="Title Should Be" library="SeleniumLibrary">
<arg>Event Registration</arg>
<doc>Verifies that the current page title equals ``title``.</doc>
<msg timestamp="20221011 22:34:54.246" level="INFO">Page title is 'Event Registration'.</msg>
<status status="PASS" starttime="20221011 22:34:54.241" endtime="20221011 22:34:54.246"/>
</kw>
<kw name="Page Should Contain" library="SeleniumLibrary">
<arg>Please enter a valid phone number, e.g., 081-234-5678, 081 234 5678, or 081.234.5678)</arg>
<doc>Verifies that current page contains ``text``.</doc>
<msg timestamp="20221011 22:34:54.434" level="INFO" html="true">&lt;/td&gt;&lt;/tr&gt;&lt;tr&gt;&lt;td colspan="3"&gt;&lt;a href="selenium-screenshot-1.png"&gt;&lt;img src="selenium-screenshot-1.png" width="800px"&gt;&lt;/a&gt;</msg>
<msg timestamp="20221011 22:34:54.435" level="FAIL">Page should have contained text 'Please enter a valid phone number, e.g., 081-234-5678, 081 234 5678, or 081.234.5678)' but did not.</msg>
<status status="FAIL" starttime="20221011 22:34:54.247" endtime="20221011 22:34:54.442"/>
</kw>
<kw name="Close Browser" library="SeleniumLibrary" type="TEARDOWN">
<doc>Closes the current browser.</doc>
<status status="PASS" starttime="20221011 22:34:54.444" endtime="20221011 22:34:55.965"/>
</kw>
<status status="FAIL" starttime="20221011 22:34:53.694" endtime="20221011 22:34:55.967">Page should have contained text 'Please enter a valid phone number, e.g., 081-234-5678, 081 234 5678, or 081.234.5678)' but did not.</status>
</test>
<status status="FAIL" starttime="20221011 22:34:41.236" endtime="20221011 22:34:55.970"/>
</suite>
<statistics>
<total>
<stat pass="5" fail="1" skip="0">All Tests</stat>
</total>
<tag>
</tag>
<suite>
<stat pass="5" fail="1" skip="0" id="s1" name="UAT-Lab11-002">UAT-Lab11-002</stat>
</suite>
</statistics>
<errors>
</errors>
</robot>
